C51 COMPILER V8.08   TEMPLATE_DEMO                                                         01/28/2019 17:56:40 PAGE 1   


C51 COMPILER V8.08, COMPILATION OF MODULE TEMPLATE_DEMO
OBJECT MODULE PLACED IN Template_demo.OBJ
COMPILER INVOKED BY: C:\Keil\C51\BIN\C51.EXE Template_demo.c BROWSE DEBUG OBJECTEXTEND

line level    source

   1          
   2          #include <ADuC841.h>
   3          #include <stdio.h>
   4          #include <stdlib.h>
   5          #include <string.h>
   6          
   7          
   8          /**************** FPGA Communication Port: ********************/
   9          sbit TrigByte1N  = P0^7;                   
  10          sbit Ack1N       = P0^6;          
  11          sbit TrigByte2N  = P0^5;
  12          sbit Ack2N       = P0^4;
  13          sbit SelTrigger  = P0^3;
  14          sbit reset_fpga  = P0^0;
  15          /**************************************************************/
  16          int f=0;
  17          int q=0;
  18          int j =0; 
  19          unsigned char DATA_L;
  20          unsigned char DATA_H;
  21          unsigned int datain;
  22          
  23          unsigned char flagWait, RX_flag;
  24          unsigned char charWait;
  25          unsigned char flagInterrupt=0;
  26          
  27          unsigned char RX_Buffer[20];
  28          char aux[10];
  29          unsigned char flag, c;
  30          
  31          unsigned int result,Temp,Hum, LDR; 
  32          unsigned int estado=3, est_com=1; 
  33          
  34          unsigned int resulti[2];
  35                                                                             
  36          
  37          /***************** Timer Configuration: **************************/
  38          void _WS_Timer_Config(char value)//this function follows the frequency of the checking of the sensors
  39          {
  40   1              IEIP2   = 0xA4; // TIC Interruption enable
  41   1              SEC     = 0x00;
  42   1              HTHSEC  = 0x00;
  43   1              MIN             = 0x00;
  44   1              HOUR    = 0x00;
  45   1              INTVAL  = value;        //**(Config.)   
  46   1              TIMECON = 0x53;         // The timer interrupt each second **(Config.)  /* 0x43 = 1/128 seconds */
  47   1      }       
  48          /*****************************************************************/
  49          
  50          /***************** ADC Configuration: ****************************/
  51          void _WS_ADC_Config (void)         //it'll help us get information from the LDR
  52          {
  53   1              ADCCON1  = 0xAC;     // ADCCON1: ADC Configuration: 12 clock periods for each conversion.              
             -                                                       
  54   1              ADCCON2  = 0x03;     // Selects channel 3 & on demand conversion.  (LDR is connected to the ADC3)
C51 COMPILER V8.08   TEMPLATE_DEMO                                                         01/28/2019 17:56:40 PAGE 2   

  55   1      }
  56          /*****************************************************************/
  57          
  58          /***************** UART configuration: ***************************/
  59          void _WSN_UART841_config()
  60          {
  61   1              SCON = 0x52;//SCON: UART Serial Port Control Register   => Mode 1: 8-bit UART, variable baud rate
  62   1              PCON = 0x80;//PCON: power-saving options and general-purpose status flags => SMOD=1 (Double UART Baud Rat
             -e)
  63   1              
  64   1              TMOD = 0x21;//Timer 1 Set M1 for 8-bit autoreload timer, Timer 0 Set M0 16-bit 
  65   1              TH1  = 0xDC;// 19200 ADuC841        //TH1 holds a value which is to be reloaded into TL1 each time it ove
             -rflows. (BaudRate = 19200 bps)
  66   1              TR1  = 1;   //Start timer 1
  67   1      
  68   1              TI  = 1;   //bit1(SCON): Serial Port Transmit Interrupt Flag.
  69   1              ES  = 1;        // Serial Port interruption enable
  70   1              ET1 = 0;        // Timer 1 Interruption Disable 
  71   1      
  72   1              EA  = 1;        // Global Enable Interruption Flag
  73   1      
  74   1              RX_flag = 0;
  75   1      }
  76          
  77          int _WSN_ADC_conversion()
  78          {
  79   1              unsigned int sensorData;
  80   1      
  81   1              //*** Sigle conversion:
  82   1              SCONV = 1;
  83   1              while (SCONV == 1);
  84   1      
  85   1              sensorData = ((ADCDATAH & 0x0F) * 0x0100) + ADCDATAL;
  86   1              
  87   1              SCONV = 0; // Conversion Flag
  88   1              
  89   1              return (sensorData);
  90   1      
  91   1      }
  92          /*****************************************************************/
  93          
  94          /****************** FPGA Initial config. *************************/
  95          void _WSN_ini_FPGA(void)
  96          { 
  97   1                 TrigByte1N  = 1;                
  98   1                 TrigByte2N  = 1;
  99   1                 SelTrigger  = 0;
 100   1                 reset_fpga  = 1;
 101   1      }
 102          /****************** FPGA-DATA capture: **************************/
 103          int _WSN_FPGA(bit sensorSelector)        //if we set this function at 0, we get 0 for the temp and one for the h
             -umidity value, which is a percentage
 104          {     
 105   1         unsigned int fpga_data;
 106   1               
 107   1         SelTrigger  = sensorSelector;
 108   1         TrigByte1N = 0; 
 109   1         while (Ack1N == 1){};
 110   1         
 111   1         DATA_L = P2;            // LSB
 112   1         TrigByte1N = 1;         // Release Trigger1
 113   1          
C51 COMPILER V8.08   TEMPLATE_DEMO                                                         01/28/2019 17:56:40 PAGE 3   

 114   1         TrigByte2N = 0;         //Trigger second data byte
 115   1         while (Ack2N == 1){};
 116   1         
 117   1         DATA_H = P2;           // MSB
 118   1         TrigByte2N = 1;    // Release Trigger2
 119   1      
 120   1      
 121   1         fpga_data = DATA_L + 256*(int)DATA_H;
 122   1      
 123   1         return(fpga_data);  
 124   1         
 125   1      }
 126          /*****************************************************************/
 127          
 128           void _WSN_Write_UART(char *message)
 129          {  
 130   1        do{
 131   2              TI = 0;
 132   2              SBUF = *message++;
 133   2              while (!TI);
 134   2        }while(*message != '\0'); // wait untin null character is read from the TX message
 135   1          TI = 0;
 136   1      }                  
 137          
 138          /**************** Serial Reception: ******************************/
 139          void _WSN_Read_UART(char *message)
 140          {  
 141   1        do{
 142   2              RI = 0;
 143   2              while (!RI);
 144   2              *message++ = SBUF;      
 145   2        }while(SBUF != '\r');  // wait untin null character is read from the RX message
 146   1        *message = '\0'; // Ending writing a null character into the buffer
 147   1      }                                                                                                                                       
 148                             
 149          /***************** Serial Interruption: **************************/
 150            
 151          void _CEI_Serial_interrupt(void) interrupt 4 using 0
 152          {
 153   1              ES = 0; // Disable Serial Interruption
 154   1      
 155   1      
 156   1              if (RI == 1) {
 157   2                 
 158   2                 if(/*!flagWait && */SBUF == 'w'){    // If we are not waiting for a particular character, this condition 
             -can be removed, so that every received byte will be stored in RX_Buffer       
 159   3                        _WSN_Read_UART(RX_Buffer);
 160   3                         RX_flag = 1;
 161   3                 }
 162   2                      else if(/*!flagWait && */SBUF == 'z'){  // If we are not waiting for a particular character, this conditi
             -on can be removed, so that every received byte will be stored in RX_Buffer    
 163   3                        _WSN_Read_UART(RX_Buffer);
 164   3                        
 165   3                        RX_flag = 2;
 166   3                 }
 167   2                      else if(/*!flagWait && */SBUF == 't'){  // If we are not waiting for a particular character, this cond
             -ition can be removed, so that every received byte will be stored in RX_Buffer 
 168   3                
 169   3                        RX_flag = 3;
 170   3                 }
 171   2      
 172   2                 else if(flagWait == 1 && SBUF == charWait){ // Condition for waiting an answer prompt, such as 'O' for
C51 COMPILER V8.08   TEMPLATE_DEMO                                                         01/28/2019 17:56:40 PAGE 4   

             - "OK", etc. 
 173   3                        flagWait = 0;
 174   3                 }
 175   2               RI=0;
 176   2              }//-------------------------------------
 177   1      
 178   1              ES = 1; // Esable Serial Interruption
 179   1      }
 180          
 181                                                                                                                                                  
 182          /***************** Timer Interruption: ***************************/
 183          void _WSN_interrupt_TimeInterval() interrupt 10 using 3    //this is the interruption of the timer. we jum
             -p into this function and we process a flag we're activating
 184          { 
 185   1         //unsigned int result,Temp,Hum,LDR,Axis;
 186   1      
 187   1            /** DO NOT EDIT *********/
 188   1                 c++;
 189   1                 if (c==2){
 190   2                   reset_fpga = 0;
 191   2                       reset_fpga = 1;
 192   2                       c = 0;
 193   2                 }   
 194   1                /************************/
 195   1         
 196   1         
 197   1         flag = 1;
 198   1      
 199   1            
 200   1      }
 201          /*****************************************************************/
 202          
 203          /*****************************************************************/
 204          
 205          /***************** Sensors reading functionalities: ***************/
 206          void _WSN_sensors_reading(void){                                 //we gotta read the humidity and the temperature 
 207   1      
 208   1         int result[2], i;
 209   1      
 210   1              Temp=_WSN_FPGA(0);
 211   1              Temp =  ( Temp - (273.15*100) );
 212   1              
 213   1              for(i=0;i<1000;i++);
 214   1      
 215   1      
 216   1              Hum=_WSN_FPGA(1);
 217   1              Hum =  ( (Hum*127.0)/100 );
 218   1      
 219   1      }
*** WARNING C280 IN LINE 208 OF TEMPLATE_DEMO.C: 'result': unreferenced local variable
 220          
 221          void _WSN_wait_answer(char ASCII,char getmsj)
 222          {  
 223   1              charWait = ASCII;       
 224   1              flagWait = 1;    
 225   1              while(flagWait);
 226   1              flagWait = 1;
 227   1      }
*** WARNING C280 IN LINE 221 OF TEMPLATE_DEMO.C: 'getmsj': unreferenced local variable
 228          /**************** ZigBee Configuration: ************************/
 229          void _WSN_ZigBee_config(char type)
 230          {               
C51 COMPILER V8.08   TEMPLATE_DEMO                                                         01/28/2019 17:56:40 PAGE 5   

 231   1              _WSN_Write_UART("ATS00=0040\n\r\0");
 232   1              _WSN_wait_answer('O',0);
 233   1              _WSN_Write_UART("ATS02=0007\n\r\0");
 234   1              _WSN_wait_answer('O',0);
 235   1              _WSN_Write_UART("ATS03=1111111111111117\n\r\0");
 236   1              _WSN_wait_answer('O',0);
 237   1              _WSN_Write_UART("ATZ\n\r\0");
 238   1              _WSN_wait_answer('O',0);
 239   1              _WSN_Write_UART("AT+JN\n\r\0");
 240   1              _WSN_wait_answer('J',0);
 241   1      }
*** WARNING C280 IN LINE 229 OF TEMPLATE_DEMO.C: 'type': unreferenced local variable
 242          /******************* Message Detection: *************************/
 243          
 244          /******************* Main Function: *****************************/
 245          void imprimirestado()
 246          {
 247   1              if(estado==2)
 248   1              {
 249   2                      _WSN_Write_UART("Nodo 1: La plaza esta ocupada\n\r");
 250   2              }
 251   1              if(estado==3)
 252   1              {
 253   2                      _WSN_Write_UART("Nodo 1: La plaza esta libre\n\r");
 254   2              }
 255   1      }
 256          
 257          void maquinaEstados()
 258          {
 259   1              // se inicializa como libre. estado 3 = libre, estado 2 = ocupado, estado 1 = recién ocupado
 260   1      
 261   1              if (estado == 3)
 262   1              {
 263   2                      if(LDR<1500)
 264   2                      {
 265   3                              estado=2;
 266   3                              f=1;
 267   3                      }
 268   2              }
 269   1              
 270   1              else if (estado == 2)
 271   1              {
 272   2                      if(LDR>=1500)
 273   2                      {
 274   3                              estado=3;               //El coche llega y se detecta aumento en temperatura por el motor.
 275   3                              f=2;
 276   3                      }
 277   2              }
 278   1      
 279   1      
 280   1      }
 281          
 282          
 283          void EnviarDatos(void)
 284          {       
 285   1              if(RX_flag==1)
 286   1              {                        
 287   2                      est_com=1;
 288   2                      RX_flag=0;
 289   2                      j=0;
 290   2              }
 291   1              if(RX_flag==2)
C51 COMPILER V8.08   TEMPLATE_DEMO                                                         01/28/2019 17:56:40 PAGE 6   

 292   1              {
 293   2                      est_com=2;
 294   2                      RX_flag=0;
 295   2                      j=0;
 296   2              }
 297   1              if(est_com==1)
 298   1              {
 299   2                if (flag == 1)
 300   2                      {
 301   3                              //_WSN_sensors_reading();
 302   3                               
 303   3                              /********* SHT11 Sensor Layer *************************/
 304   3      
 305   3                              if(q<f)q++;
 306   3                              else
 307   3                              {
 308   4                              LDR=_WSN_ADC_conversion();
 309   4                              maquinaEstados();
 310   4                              imprimirestado();
 311   4                              sprintf(aux,"LDR= %d\n\r",LDR);
 312   4                              _WSN_Write_UART(aux);
 313   4                              
 314   4                              q=0;
 315   4                              }
 316   3                              flag = 0;                       
 317   3                        }  
 318   2              }
 319   1              if (est_com==2)
 320   1              {
 321   2                 LDR=_WSN_ADC_conversion();
 322   2                      maquinaEstados();
 323   2                      flag = 0;
 324   2                      if(RX_flag==3)
 325   2                      {        
 326   3                              sprintf(aux,"LDR= %d\r",LDR);
 327   3                              _WSN_Write_UART(aux);
 328   3                              imprimirestado();                       
 329   3                              RX_flag=0;
 330   3                      }
 331   2                      else
 332   2                      {
 333   3                              while(j<1)
 334   3                              {
 335   4                                      _WSN_Write_UART("Esperando llamada");
 336   4                                      j++;
 337   4                              }
 338   3                      }
 339   2              }
 340   1                              
 341   1      }
 342          
 343          
 344          
 345          void main()
 346          {        
 347   1      
 348   1      
 349   1               _WSN_UART841_config();
 350   1         //---- Peripheral Configurations: -------------
 351   1              _WSN_ini_FPGA();
 352   1              _WS_ADC_Config();
 353   1              _WSN_UART841_config();
C51 COMPILER V8.08   TEMPLATE_DEMO                                                         01/28/2019 17:56:40 PAGE 7   

 354   1              
 355   1      
 356   1              //_WSN_ZigBee_config();
 357   1              
 358   1         c = 'O';
 359   1         flag = 0;
 360   1      
 361   1         // --------------------------------------------
 362   1       
 363   1                      _WSN_Write_UART("Connected\n\r");
 364   1                      _WS_Timer_Config(1);                                                            
 365   1                      while (1)
 366   1                      {                                 
 367   2                              EnviarDatos();          
 368   2                      }
 369   1      }
 370                  
 371          /****************************************************************/


MODULE INFORMATION:   STATIC OVERLAYABLE
   CODE SIZE        =    849    ----
   CONSTANT SIZE    =    181    ----
   XDATA SIZE       =   ----    ----
   PDATA SIZE       =   ----    ----
   DATA SIZE        =     62      12
   IDATA SIZE       =   ----    ----
   BIT SIZE         =   ----       1
END OF MODULE INFORMATION.


C51 COMPILATION COMPLETE.  3 WARNING(S),  0 ERROR(S)
