C51 COMPILER V8.08   TEMPLATE_DEMO                                                         01/30/2019 19:17:45 PAGE 1   


C51 COMPILER V8.08, COMPILATION OF MODULE TEMPLATE_DEMO
OBJECT MODULE PLACED IN Template_demo.OBJ
COMPILER INVOKED BY: C:\Keil\C51\BIN\C51.EXE Template_demo.c LARGE BROWSE DEBUG OBJECTEXTEND

line level    source

   1          
   2          #include <ADuC841.h>
   3          #include <stdio.h>
   4          #include <stdlib.h>
   5          #include <string.h>
   6          
   7          
   8          /**************** FPGA Communication Port: ********************/
   9          sbit TrigByte1N  = P0^7;                   
  10          sbit Ack1N       = P0^6;          
  11          sbit TrigByte2N  = P0^5;
  12          sbit Ack2N       = P0^4;
  13          sbit SelTrigger  = P0^3;
  14          sbit reset_fpga  = P0^0;
  15          /**************************************************************/
  16          int f=0;
  17          int q=0;
  18          int j =0; 
  19          unsigned char DATA_L;
  20          unsigned char DATA_H;
  21          unsigned int datain;
  22          
  23          unsigned char flagWait, RX_flag=0;
  24          unsigned char charWait;
  25          unsigned char flagInterrupt=0;
  26          
  27          unsigned char flag, c;
  28          
  29          unsigned int result,Temp,Hum, LDR; 
  30          unsigned int estado=3, est_com=1; 
  31          
  32          unsigned int resulti[2];
  33                                                                             
  34          
  35          /***************** Timer Configuration: **************************/
  36          void _WS_Timer_Config(char value)//this function follows the frequency of the checking of the sensors
  37          {
  38   1              IEIP2   = 0xA4; // TIC Interruption enable
  39   1              SEC     = 0x00;
  40   1              HTHSEC  = 0x00;
  41   1              MIN             = 0x00;
  42   1              HOUR    = 0x00;
  43   1              INTVAL  = value;        //**(Config.)   
  44   1              TIMECON = 0x53;         // The timer interrupt each second **(Config.)  /* 0x43 = 1/128 seconds */
  45   1      }       
  46          /*****************************************************************/
  47          
  48          /***************** ADC Configuration: ****************************/
  49          void _WS_ADC_Config (void)         //it'll help us get information from the LDR
  50          {
  51   1              ADCCON1  = 0xAC;     // ADCCON1: ADC Configuration: 12 clock periods for each conversion.              
             -                                                       
  52   1              ADCCON2  = 0x03;     // Selects channel 3 & on demand conversion.  (LDR is connected to the ADC3)
  53   1      }
  54          /*****************************************************************/
C51 COMPILER V8.08   TEMPLATE_DEMO                                                         01/30/2019 19:17:45 PAGE 2   

  55          
  56          /***************** UART configuration: ***************************/
  57          void _WSN_UART841_config()
  58          {
  59   1              SCON = 0x52;//SCON: UART Serial Port Control Register   => Mode 1: 8-bit UART, variable baud rate
  60   1              PCON = 0x80;//PCON: power-saving options and general-purpose status flags => SMOD=1 (Double UART Baud Rat
             -e)
  61   1              
  62   1              TMOD = 0x21;//Timer 1 Set M1 for 8-bit autoreload timer, Timer 0 Set M0 16-bit 
  63   1              TH1  = 0xDC;// 19200 ADuC841        //TH1 holds a value which is to be reloaded into TL1 each time it ove
             -rflows. (BaudRate = 19200 bps)
  64   1              TR1  = 1;   //Start timer 1
  65   1      
  66   1              TI  = 1;   //bit1(SCON): Serial Port Transmit Interrupt Flag.
  67   1              ES  = 1;        // Serial Port interruption enable
  68   1              ET1 = 0;        // Timer 1 Interruption Disable 
  69   1      
  70   1              EA  = 1;        // Global Enable Interruption Flag
  71   1      
  72   1              RX_flag = 0;
  73   1      }
  74          
  75          int _WSN_ADC_conversion()
  76          {
  77   1              unsigned int sensorData;
  78   1      
  79   1              //*** Sigle conversion:
  80   1              SCONV = 1;
  81   1              while (SCONV == 1);
  82   1      
  83   1              sensorData = ((ADCDATAH & 0x0F) * 0x0100) + ADCDATAL;
  84   1              
  85   1              SCONV = 0; // Conversion Flag
  86   1              
  87   1              return (sensorData);
  88   1      
  89   1      }
  90          /*****************************************************************/
  91          
  92          /****************** FPGA Initial config. *************************/
  93          void _WSN_ini_FPGA(void)
  94          { 
  95   1                 TrigByte1N  = 1;                
  96   1                 TrigByte2N  = 1;
  97   1                 SelTrigger  = 0;
  98   1                 reset_fpga  = 1;
  99   1      }
 100          /****************** FPGA-DATA capture: **************************/
 101          int _WSN_FPGA(bit sensorSelector)        //if we set this function at 0, we get 0 for the temp and one for the h
             -umidity value, which is a percentage
 102          {     
 103   1         unsigned int fpga_data;
 104   1               
 105   1         SelTrigger  = sensorSelector;
 106   1         TrigByte1N = 0; 
 107   1         while (Ack1N == 1){};
 108   1         
 109   1         DATA_L = P2;            // LSB
 110   1         TrigByte1N = 1;         // Release Trigger1
 111   1          
 112   1         TrigByte2N = 0;         //Trigger second data byte
 113   1         while (Ack2N == 1){};
C51 COMPILER V8.08   TEMPLATE_DEMO                                                         01/30/2019 19:17:45 PAGE 3   

 114   1         
 115   1         DATA_H = P2;           // MSB
 116   1         TrigByte2N = 1;    // Release Trigger2
 117   1      
 118   1      
 119   1         fpga_data = DATA_L + 256*(int)DATA_H;
 120   1      
 121   1         return(fpga_data);  
 122   1         
 123   1      }
 124          /*****************************************************************/
 125          
 126           void _WSN_Write_UART(char *message)
 127          {  
 128   1        do{
 129   2              TI = 0;
 130   2              SBUF = *message++;
 131   2              while (!TI);
 132   2        }while(*message != '\0'); // wait untin null character is read from the TX message
 133   1          TI = 0;
 134   1      }                  
 135          
 136          /**************** Serial Reception: ******************************/
 137          void _WSN_Read_UART(char *message)
 138          {  
 139   1        do{
 140   2              RI = 0;
 141   2              while (!RI);
 142   2              *message++ = SBUF;      
 143   2        }while(SBUF != '\r');  // wait untin null character is read from the RX message
 144   1        *message = '\0'; // Ending writing a null character into the buffer
 145   1      }                                                                                                                                       
 146                             
 147          /***************** Serial Interruption: **************************/
 148            
 149          void _CEI_Serial_interrupt(void) interrupt 4 using 0
 150          {
 151   1              ES = 0; // Disable Serial Interruption
 152   1      
 153   1      
 154   1              if (RI == 1) {
 155   2                 
 156   2                 if(/*!flagWait && */SBUF == 'w'|| SBUF == 'W'){      // If we are not waiting for a particular character, t
             -his condition can be removed, so that every received byte will be stored in RX_Buffer 
 157   3                         RX_flag = 1;
 158   3                 }
 159   2                      else if(/*!flagWait && */SBUF == 'z'|| SBUF =='Z'){     // If we are not waiting for a particular charact
             -er, this condition can be removed, so that every received byte will be stored in RX_Buffer    
 160   3                        
 161   3                        RX_flag = 2;
 162   3                 }
 163   2      
 164   2                      else if(/*!flagWait && */SBUF == 't'|| SBUF =='T'){     // If we are not waiting for a particular charact
             -er, this condition can be removed, so that every received byte will be stored in RX_Buffer    
 165   3                
 166   3                        RX_flag = 3;
 167   3                 }
 168   2                      else if(/*!flagWait && */SBUF == 'f'|| SBUF =='F')
 169   2                      {
 170   3                              RX_flag=4;      // If we are not waiting for a particular character, this condition can be removed, so that 
             -every received byte will be stored in RX_Buffer       
 171   3                      
C51 COMPILER V8.08   TEMPLATE_DEMO                                                         01/30/2019 19:17:45 PAGE 4   

 172   3                      }
 173   2      
 174   2                 else if(flagWait == 1 && SBUF == charWait){ // Condition for waiting an answer prompt, such as 'O' for
             - "OK", etc. 
 175   3                        flagWait = 0;
 176   3                 }
 177   2               RI=0;
 178   2              }//-------------------------------------
 179   1      
 180   1              ES = 1; // Esable Serial Interruption
 181   1      }
 182          
 183                                                                                                                                                  
 184          /***************** Timer Interruption: ***************************/
 185          void _WSN_interrupt_TimeInterval() interrupt 10 using 3    //this is the interruption of the timer. we jum
             -p into this function and we process a flag we're activating
 186          { 
 187   1         //unsigned int result,Temp,Hum,LDR,Axis;
 188   1      
 189   1            /** DO NOT EDIT *********/
 190   1                 c++;
 191   1                 if (c==2){
 192   2                   reset_fpga = 0;
 193   2                       reset_fpga = 1;
 194   2                       c = 0;
 195   2                 }   
 196   1                /************************/
 197   1         
 198   1         
 199   1         flag = 1;
 200   1      
 201   1            
 202   1      }
 203          /*****************************************************************/
 204          
 205          /*****************************************************************/
 206          
 207          /***************** Sensors reading functionalities: ***************/
 208          void _WSN_sensors_reading(void){                                 //we gotta read the humidity and the temperature 
 209   1      
 210   1         int result[2], i;
 211   1      
 212   1              Temp=_WSN_FPGA(0);
 213   1              Temp =  ( Temp - (273.15*100) );
 214   1              
 215   1              for(i=0;i<1000;i++);
 216   1      
 217   1      
 218   1              Hum=_WSN_FPGA(1);
 219   1              Hum =  ( (Hum*127.0)/100 );
 220   1      
 221   1      }
*** WARNING C280 IN LINE 210 OF TEMPLATE_DEMO.C: 'result': unreferenced local variable
 222          
 223          void _WSN_wait_answer(char ASCII,char getmsj)
 224          {  
 225   1              charWait = ASCII;       
 226   1              flagWait = 1;    
 227   1              while(flagWait);
 228   1              flagWait = 1;
 229   1      }
*** WARNING C280 IN LINE 223 OF TEMPLATE_DEMO.C: 'getmsj': unreferenced local variable
C51 COMPILER V8.08   TEMPLATE_DEMO                                                         01/30/2019 19:17:45 PAGE 5   

 230          /**************** ZigBee Configuration: ************************/
 231          void _WSN_ZigBee_config(void)
 232          {               
 233   1              
 234   1              _WSN_Write_UART("ATS00=0040\n\r\0");
 235   1              _WSN_wait_answer('O',0);
 236   1              _WSN_Write_UART("ATS02=0007\n\r\0");
 237   1              _WSN_wait_answer('O',0);
 238   1              _WSN_Write_UART("ATS03=1111111111111117\n\r\0");
 239   1              _WSN_wait_answer('O',0);
 240   1              _WSN_Write_UART("ATZ\n\r\0");
 241   1              _WSN_wait_answer('O',0);
 242   1              _WSN_Write_UART("AT+JN\n\r\0");
 243   1              _WSN_wait_answer('O',0);
 244   1      }
 245          /******************* Message Detection: *************************/
 246          
 247          /******************* Main Function: *****************************/
 248          void imprimirestado()
 249          {
 250   1              if(estado==2)
 251   1              {
 252   2                      _WSN_Write_UART("AT+UCAST:0000=\0");
 253   2                      _WSN_Write_UART("Plaza 1: La plaza esta ocupada\n\r\0");
 254   2              }
 255   1              if(estado==3)
 256   1              {       
 257   2                      _WSN_Write_UART("AT+UCAST:0000=\0");
 258   2                      _WSN_Write_UART("Plaza 1: La plaza esta libre\n\r\0");
 259   2              }
 260   1              RX_flag=0;
 261   1      }
 262          
 263          void maquinaEstados()
 264          {
 265   1              // se inicializa como libre. estado 3 = libre, estado 2 = ocupado, estado 1 = recién ocupado
 266   1      
 267   1              if (estado == 3)
 268   1              {
 269   2                      if(LDR<1500)
 270   2                      {
 271   3                              estado=2;
 272   3                              RX_flag = 6;
 273   3                              f=1;
 274   3                      }
 275   2              }
 276   1              
 277   1              else if (estado == 2)
 278   1              {
 279   2                      if(LDR>=1500)
 280   2                      {
 281   3                              estado=3;
 282   3                              RX_flag = 6;            //El coche llega y se detecta aumento en temperatura por el motor.
 283   3                              f=2;
 284   3                      }
 285   2              }
 286   1      
 287   1      
 288   1      }
 289          
 290          
 291          void EnviarDatos(void)
C51 COMPILER V8.08   TEMPLATE_DEMO                                                         01/30/2019 19:17:45 PAGE 6   

 292          {       
 293   1              if(RX_flag==1)
 294   1              {                        
 295   2                      est_com=1;
 296   2                      RX_flag=0;
 297   2                      j=0;
 298   2              }
 299   1              if(RX_flag==2)
 300   1              {
 301   2                      est_com=2;
 302   2                      RX_flag=0;
 303   2                      j=0;
 304   2                      
 305   2              }
 306   1              
 307   1              if(est_com==1)
 308   1              {
 309   2                if (flag == 1)
 310   2                      {
 311   3                              //_WSN_sensors_reading();
 312   3                               
 313   3                              /********* SHT11 Sensor Layer *************************/
 314   3      
 315   3                              if(q<f)q++;
 316   3                              else
 317   3                              {
 318   4                              
 319   4                              LDR=_WSN_ADC_conversion();
 320   4                              maquinaEstados();
 321   4                              imprimirestado();       
 322   4                              q=0;
 323   4                              }
 324   3                              flag = 0;                       
 325   3                        }  
 326   2              }
 327   1              if (est_com==2)
 328   1              {               
 329   2                      LDR=_WSN_ADC_conversion();
 330   2                      maquinaEstados();
 331   2                      flag = 0;
 332   2                      if(RX_flag==3)
 333   2                      {        
 334   3                              imprimirestado();
 335   3                      }
 336   2                      if(RX_flag==6)
 337   2                      {        
 338   3                              imprimirestado();
 339   3                              
 340   3                      
 341   3                      }
 342   2                      else if(RX_flag==4)
 343   2                      {                        
 344   3                              if(estado==3)
 345   3                              {
 346   4                                      _WSN_Write_UART("AT+UCAST:0000=\0");
 347   4                                      _WSN_Write_UART("Plaza 1 está libre\n\r\0");
 348   4                              }
 349   3                              
 350   3                      }
 351   2                      else if(RX_flag==5)
 352   2                      {       
 353   3                              if(estado==2)
C51 COMPILER V8.08   TEMPLATE_DEMO                                                         01/30/2019 19:17:45 PAGE 7   

 354   3                              {
 355   4                                      _WSN_Write_UART("AT+UCAST:0000=\0");
 356   4                                      _WSN_Write_UART("Plaza 1 está ocupada\n\r\0");
 357   4                              }
 358   3                              
 359   3                      }
 360   2                      else
 361   2                      {
 362   3                              while(j<1)
 363   3                              {       
 364   4                                      
 365   4                                      _WSN_Write_UART("AT+UCAST:0000=\0");
 366   4                                      _WSN_Write_UART("Esperando llamada\n\r\0");
 367   4                                      j++;
 368   4                              }
 369   3                      }
 370   2                      RX_flag=0;
 371   2              }
 372   1                              
 373   1      }
 374          
 375          
 376          
 377          void main()
 378          {        
 379   1      
 380   1               _WSN_UART841_config();
 381   1         //---- Peripheral Configurations: -------------
 382   1              _WSN_ini_FPGA();
 383   1              _WS_ADC_Config();
 384   1              _WSN_UART841_config();
 385   1              _WSN_ZigBee_config();
 386   1              
 387   1         c = 'O';
 388   1         flag = 0;
 389   1      
 390   1         // --------------------------------------------
 391   1       
 392   1                      _WSN_Write_UART("Connected\n\r\0");
 393   1                      _WS_Timer_Config(1);                                                            
 394   1                      while (1)
 395   1                      {                         
 396   2                              EnviarDatos();          
 397   2                      }
 398   1      }
 399                  
 400          /****************************************************************/


MODULE INFORMATION:   STATIC OVERLAYABLE
   CODE SIZE        =   1102    ----
   CONSTANT SIZE    =    232    ----
   XDATA SIZE       =     32      11
   PDATA SIZE       =   ----    ----
   DATA SIZE        =   ----    ----
   IDATA SIZE       =   ----    ----
   BIT SIZE         =   ----       1
END OF MODULE INFORMATION.


C51 COMPILATION COMPLETE.  2 WARNING(S),  0 ERROR(S)
